<?xml version="1.0" encoding="UTF-8"?>
<!-- Generated by org.testng.reporters.JUnitReportReporter -->
<testsuite hostname="CYDOBOLCTBNEM.local" name="core_Assignment.web20calculatorTestNG.Web20calculatorTestParametersArray" tests="4" failures="0" timestamp="7 Nov 2015 19:11:08 GMT" time="0.015" errors="0">
  <testcase name="test_Operation_Validation_web20calculator" time="0.000" classname="core_Assignment.web20calculatorTestNG.Web20calculatorTestParametersArray"/>
  <testcase name="test_Operation_Validation_web20calculator" time="0.014" classname="core_Assignment.web20calculatorTestNG.Web20calculatorTestParametersArray"/>
  <testcase name="test_Operation_Validation_web20calculator" time="0.000" classname="core_Assignment.web20calculatorTestNG.Web20calculatorTestParametersArray"/>
  <testcase name="test_Operation_Validation_web20calculator" time="0.001" classname="core_Assignment.web20calculatorTestNG.Web20calculatorTestParametersArray"/>
</testsuite> <!-- core_Assignment.web20calculatorTestNG.Web20calculatorTestParametersArray -->
